<?xml version="1.0" encoding="UTF-8"?>
<!-- Generated by org.testng.reporters.JUnitXMLReporter -->
<testsuite ignored="0" hostname="DESKTOP-ECJ8H0M" failures="0" tests="3" name="OpenCartTest" time="43.078" errors="0" timestamp="2023-11-25T20:19:23 IST">
  <testcase classname="tests.TC_003_LoginDDT" name="Login_dataDriven" time="5.566"/>
  <testcase classname="tests.TC_003_LoginDDT" name="Login_dataDriven" time="14.407"/>
  <testcase classname="tests.TC_003_LoginDDT" name="Login_dataDriven" time="14.286"/>
</testsuite> <!-- OpenCartTest -->
