<?xml version="1.0" encoding="UTF-8"?>
<testng-results ignored="0" total="5" passed="5" failed="0" skipped="0">
  <reporter-output>
  </reporter-output>
  <suite started-at="2023-11-25T20:18:39 IST" name="OpenCartSuite" finished-at="2023-11-25T20:19:22 IST" duration-ms="43078">
    <groups>
    </groups>
    <test started-at="2023-11-25T20:18:39 IST" name="OpenCartTest" finished-at="2023-11-25T20:19:22 IST" duration-ms="43078">
      <class name="tests.TC_003_LoginDDT">
        <test-method is-config="true" signature="setUp(java.lang.String)[pri:0, instance:tests.TC_003_LoginDDT@cb0755b]" started-at="2023-11-25T20:18:40 IST" name="setUp" finished-at="2023-11-25T20:18:46 IST" duration-ms="6737" status="PASS">
          <params>
            <param index="0">
              <value>
                <![CDATA[chrome]]>
              </value>
            </param>
          </params>
          <reporter-output>
          </reporter-output>
        </test-method> <!-- setUp -->
        <test-method signature="Login_dataDriven(java.lang.String,java.lang.String,java.lang.String)[pri:0, instance:tests.TC_003_LoginDDT@cb0755b]" started-at="2023-11-25T20:18:48 IST" name="Login_dataDriven" data-provider="LoginData" finished-at="2023-11-25T20:18:53 IST" duration-ms="5566" status="PASS">
          <params>
            <param index="0">
              <value>
                <![CDATA[priyankasanka@gmail.com]]>
              </value>
            </param>
            <param index="1">
              <value>
                <![CDATA[Priya@123]]>
              </value>
            </param>
            <param index="2">
              <value>
                <![CDATA[Valid]]>
              </value>
            </param>
          </params>
          <reporter-output>
          </reporter-output>
        </test-method> <!-- Login_dataDriven -->
        <test-method signature="Login_dataDriven(java.lang.String,java.lang.String,java.lang.String)[pri:0, instance:tests.TC_003_LoginDDT@cb0755b]" started-at="2023-11-25T20:18:53 IST" name="Login_dataDriven" data-provider="LoginData" finished-at="2023-11-25T20:19:08 IST" duration-ms="14407" status="PASS">
          <params>
            <param index="0">
              <value>
                <![CDATA[priyankasanka@gmail.com]]>
              </value>
            </param>
            <param index="1">
              <value>
                <![CDATA[Priya@1234]]>
              </value>
            </param>
            <param index="2">
              <value>
                <![CDATA[Invalid]]>
              </value>
            </param>
          </params>
          <reporter-output>
          </reporter-output>
        </test-method> <!-- Login_dataDriven -->
        <test-method signature="Login_dataDriven(java.lang.String,java.lang.String,java.lang.String)[pri:0, instance:tests.TC_003_LoginDDT@cb0755b]" started-at="2023-11-25T20:19:08 IST" name="Login_dataDriven" data-provider="LoginData" finished-at="2023-11-25T20:19:22 IST" duration-ms="14286" status="PASS">
          <params>
            <param index="0">
              <value>
                <![CDATA[abc@gmail.com]]>
              </value>
            </param>
            <param index="1">
              <value>
                <![CDATA[xxx123]]>
              </value>
            </param>
            <param index="2">
              <value>
                <![CDATA[Invalid]]>
              </value>
            </param>
          </params>
          <reporter-output>
          </reporter-output>
        </test-method> <!-- Login_dataDriven -->
        <test-method is-config="true" signature="tearDown()[pri:0, instance:tests.TC_003_LoginDDT@cb0755b]" started-at="2023-11-25T20:19:22 IST" name="tearDown" finished-at="2023-11-25T20:19:22 IST" duration-ms="275" status="PASS">
          <reporter-output>
          </reporter-output>
        </test-method> <!-- tearDown -->
      </class> <!-- tests.TC_003_LoginDDT -->
    </test> <!-- OpenCartTest -->
  </suite> <!-- OpenCartSuite -->
  <suite started-at="2023-11-25T20:19:23 IST" name="OpenCartSuite (0)" finished-at="2023-11-25T20:19:40 IST" duration-ms="17140">
    <groups>
      <group name="Master">
        <method signature="TC_001_AccountRegistration.registerAccount()[pri:0, instance:tests.TC_001_AccountRegistration@496bc455]" name="registerAccount" class="tests.TC_001_AccountRegistration"/>
        <method signature="TC_002_Login.login()[pri:0, instance:tests.TC_002_Login@59402b8f]" name="login" class="tests.TC_002_Login"/>
      </group> <!-- Master -->
      <group name="Sanity">
        <method signature="TC_002_Login.login()[pri:0, instance:tests.TC_002_Login@59402b8f]" name="login" class="tests.TC_002_Login"/>
      </group> <!-- Sanity -->
      <group name="Regression">
        <method signature="TC_001_AccountRegistration.registerAccount()[pri:0, instance:tests.TC_001_AccountRegistration@496bc455]" name="registerAccount" class="tests.TC_001_AccountRegistration"/>
      </group> <!-- Regression -->
    </groups>
    <test started-at="2023-11-25T20:19:23 IST" name="OpenCartTest" finished-at="2023-11-25T20:19:40 IST" duration-ms="17140">
      <class name="tests.TC_002_Login">
        <test-method is-config="true" signature="setUp(java.lang.String)[pri:0, instance:tests.TC_002_Login@59402b8f]" started-at="2023-11-25T20:19:33 IST" name="setUp" finished-at="2023-11-25T20:19:38 IST" duration-ms="5210" status="PASS">
          <params>
            <param index="0">
              <value>
                <![CDATA[chrome]]>
              </value>
            </param>
          </params>
          <reporter-output>
          </reporter-output>
        </test-method> <!-- setUp -->
        <test-method signature="login()[pri:0, instance:tests.TC_002_Login@59402b8f]" started-at="2023-11-25T20:19:38 IST" name="login" finished-at="2023-11-25T20:19:40 IST" duration-ms="1687" status="PASS">
          <reporter-output>
          </reporter-output>
        </test-method> <!-- login -->
        <test-method is-config="true" signature="tearDown()[pri:0, instance:tests.TC_002_Login@59402b8f]" started-at="2023-11-25T20:19:40 IST" name="tearDown" finished-at="2023-11-25T20:19:40 IST" duration-ms="226" status="PASS">
          <reporter-output>
          </reporter-output>
        </test-method> <!-- tearDown -->
      </class> <!-- tests.TC_002_Login -->
      <class name="tests.TC_001_AccountRegistration">
        <test-method is-config="true" signature="setUp(java.lang.String)[pri:0, instance:tests.TC_001_AccountRegistration@496bc455]" started-at="2023-11-25T20:19:23 IST" name="setUp" finished-at="2023-11-25T20:19:28 IST" duration-ms="5380" status="PASS">
          <params>
            <param index="0">
              <value>
                <![CDATA[chrome]]>
              </value>
            </param>
          </params>
          <reporter-output>
          </reporter-output>
        </test-method> <!-- setUp -->
        <test-method signature="registerAccount()[pri:0, instance:tests.TC_001_AccountRegistration@496bc455]" started-at="2023-11-25T20:19:28 IST" name="registerAccount" finished-at="2023-11-25T20:19:33 IST" duration-ms="4384" status="PASS">
          <reporter-output>
          </reporter-output>
        </test-method> <!-- registerAccount -->
        <test-method is-config="true" signature="tearDown()[pri:0, instance:tests.TC_001_AccountRegistration@496bc455]" started-at="2023-11-25T20:19:33 IST" name="tearDown" finished-at="2023-11-25T20:19:33 IST" duration-ms="240" status="PASS">
          <reporter-output>
          </reporter-output>
        </test-method> <!-- tearDown -->
      </class> <!-- tests.TC_001_AccountRegistration -->
    </test> <!-- OpenCartTest -->
  </suite> <!-- OpenCartSuite (0) -->
</testng-results>
