<?xml version="1.0" encoding="UTF-8"?>
<!-- Generated by org.testng.reporters.JUnitXMLReporter -->
<testsuite ignored="1" hostname="DESKTOP-ECJ8H0M" failures="0" tests="2" name="OpenCartTest" time="17.14" errors="0" timestamp="2023-11-25T20:19:40 IST">
  <testcase classname="tests.TC_001_AccountRegistration" name="registerAccount" time="4.384"/>
  <testcase classname="tests.TC_002_Login" name="login" time="1.687"/>
  <testcase classname="tests.TC_003_LoginDDT" name="Login_dataDriven" time="0.0">
    <ignored/>
  </testcase> <!-- Login_dataDriven -->
</testsuite> <!-- OpenCartTest -->
